2014/11/21 16:09:32 [error] [exception.CException] exception 'CException' with message 'CAssetManager.basePath "/home/wwwroot/default/map-php/ddxqmap/assets" is invalid. Please make sure the directory exists and is writable by the Web server process.' in /home/wwwroot/default/map-php/framework/web/CAssetManager.php:138
Stack trace:
#0 /home/wwwroot/default/map-php/framework/web/CAssetManager.php(123): CAssetManager->setBasePath('/home/wwwroot/d...')
#1 /home/wwwroot/default/map-php/framework/web/CAssetManager.php(217): CAssetManager->getBasePath()
#2 /home/wwwroot/default/map-php/framework/web/CClientScript.php(511): CAssetManager->publish('/home/wwwroot/d...')
#3 /home/wwwroot/default/map-php/framework/web/CClientScript.php(548): CClientScript->getCoreScriptUrl()
#4 /home/wwwroot/default/map-php/framework/web/CClientScript.php(349): CClientScript->getPackageBaseUrl('jquery')
#5 /home/wwwroot/default/map-php/framework/web/CClientScript.php(208): CClientScript->renderCoreScripts()
#6 /home/wwwroot/default/map-php/framework/web/CController.php(351): CClientScript->render('<!DOCTYPE html>...')
#7 /home/wwwroot/default/map-php/framework/web/CController.php(788): CController->processOutput('<!DOCTYPE html>...')
#8 /home/wwwroot/default/map-php/ddxqmap/protected/controllers/SiteController.php(98): CController->render('login', Array)
#9 /home/wwwroot/default/map-php/framework/web/actions/CInlineAction.php(49): SiteController->actionLogin()
#10 /home/wwwroot/default/map-php/framework/web/CController.php(308): CInlineAction->runWithParams(Array)
#11 /home/wwwroot/default/map-php/framework/web/CController.php(286): CController->runAction(Object(CInlineAction))
#12 /home/wwwroot/default/map-php/framework/web/CController.php(265): CController->runActionWithFilters(Object(CInlineAction), Array)
#13 /home/wwwroot/default/map-php/framework/web/CWebApplication.php(282): CController->run('login')
#14 /home/wwwroot/default/map-php/framework/web/CWebApplication.php(141): CWebApplication->runController('site/login')
#15 /home/wwwroot/default/map-php/framework/base/CApplication.php(184): CWebApplication->processRequest()
#16 /home/wwwroot/default/map-php/ddxqmap/index.php(13): CApplication->run()
#17 {main}
REQUEST_URI=/map-php/ddxqmap/index.php?r=site/login
HTTP_REFERER=http://10.192.10.155/map-php/ddxqmap/
---
2014/11/21 16:11:29 [error] [exception.CException] exception 'CException' with message 'CAssetManager.basePath "/home/wwwroot/default/map-php/ddxqmap/assets" is invalid. Please make sure the directory exists and is writable by the Web server process.' in /home/wwwroot/default/map-php/framework/web/CAssetManager.php:138
Stack trace:
#0 /home/wwwroot/default/map-php/framework/web/CAssetManager.php(123): CAssetManager->setBasePath('/home/wwwroot/d...')
#1 /home/wwwroot/default/map-php/framework/web/CAssetManager.php(217): CAssetManager->getBasePath()
#2 /home/wwwroot/default/map-php/framework/web/CClientScript.php(511): CAssetManager->publish('/home/wwwroot/d...')
#3 /home/wwwroot/default/map-php/framework/web/CClientScript.php(548): CClientScript->getCoreScriptUrl()
#4 /home/wwwroot/default/map-php/framework/web/CClientScript.php(349): CClientScript->getPackageBaseUrl('jquery')
#5 /home/wwwroot/default/map-php/framework/web/CClientScript.php(208): CClientScript->renderCoreScripts()
#6 /home/wwwroot/default/map-php/framework/web/CController.php(351): CClientScript->render('<!DOCTYPE html>...')
#7 /home/wwwroot/default/map-php/framework/web/CController.php(788): CController->processOutput('<!DOCTYPE html>...')
#8 /home/wwwroot/default/map-php/ddxqmap/protected/controllers/SiteController.php(98): CController->render('login', Array)
#9 /home/wwwroot/default/map-php/framework/web/actions/CInlineAction.php(49): SiteController->actionLogin()
#10 /home/wwwroot/default/map-php/framework/web/CController.php(308): CInlineAction->runWithParams(Array)
#11 /home/wwwroot/default/map-php/framework/web/CController.php(286): CController->runAction(Object(CInlineAction))
#12 /home/wwwroot/default/map-php/framework/web/CController.php(265): CController->runActionWithFilters(Object(CInlineAction), Array)
#13 /home/wwwroot/default/map-php/framework/web/CWebApplication.php(282): CController->run('login')
#14 /home/wwwroot/default/map-php/framework/web/CWebApplication.php(141): CWebApplication->runController('site/login')
#15 /home/wwwroot/default/map-php/framework/base/CApplication.php(184): CWebApplication->processRequest()
#16 /home/wwwroot/default/map-php/ddxqmap/index.php(13): CApplication->run()
#17 {main}
REQUEST_URI=/map-php/ddxqmap/index.php?r=site/login
HTTP_REFERER=http://10.192.10.155/map-php/ddxqmap/
---
2014/11/21 16:11:30 [error] [exception.CException] exception 'CException' with message 'CAssetManager.basePath "/home/wwwroot/default/map-php/ddxqmap/assets" is invalid. Please make sure the directory exists and is writable by the Web server process.' in /home/wwwroot/default/map-php/framework/web/CAssetManager.php:138
Stack trace:
#0 /home/wwwroot/default/map-php/framework/web/CAssetManager.php(123): CAssetManager->setBasePath('/home/wwwroot/d...')
#1 /home/wwwroot/default/map-php/framework/web/CAssetManager.php(217): CAssetManager->getBasePath()
#2 /home/wwwroot/default/map-php/framework/web/CClientScript.php(511): CAssetManager->publish('/home/wwwroot/d...')
#3 /home/wwwroot/default/map-php/framework/web/CClientScript.php(548): CClientScript->getCoreScriptUrl()
#4 /home/wwwroot/default/map-php/framework/web/CClientScript.php(349): CClientScript->getPackageBaseUrl('jquery')
#5 /home/wwwroot/default/map-php/framework/web/CClientScript.php(208): CClientScript->renderCoreScripts()
#6 /home/wwwroot/default/map-php/framework/web/CController.php(351): CClientScript->render('<!DOCTYPE html>...')
#7 /home/wwwroot/default/map-php/framework/web/CController.php(788): CController->processOutput('<!DOCTYPE html>...')
#8 /home/wwwroot/default/map-php/ddxqmap/protected/controllers/SiteController.php(98): CController->render('login', Array)
#9 /home/wwwroot/default/map-php/framework/web/actions/CInlineAction.php(49): SiteController->actionLogin()
#10 /home/wwwroot/default/map-php/framework/web/CController.php(308): CInlineAction->runWithParams(Array)
#11 /home/wwwroot/default/map-php/framework/web/CController.php(286): CController->runAction(Object(CInlineAction))
#12 /home/wwwroot/default/map-php/framework/web/CController.php(265): CController->runActionWithFilters(Object(CInlineAction), Array)
#13 /home/wwwroot/default/map-php/framework/web/CWebApplication.php(282): CController->run('login')
#14 /home/wwwroot/default/map-php/framework/web/CWebApplication.php(141): CWebApplication->runController('site/login')
#15 /home/wwwroot/default/map-php/framework/base/CApplication.php(184): CWebApplication->processRequest()
#16 /home/wwwroot/default/map-php/ddxqmap/index.php(13): CApplication->run()
#17 {main}
REQUEST_URI=/map-php/ddxqmap/index.php?r=site/login
HTTP_REFERER=http://10.192.10.155/map-php/ddxqmap/
---
2014/11/21 16:11:30 [error] [exception.CException] exception 'CException' with message 'CAssetManager.basePath "/home/wwwroot/default/map-php/ddxqmap/assets" is invalid. Please make sure the directory exists and is writable by the Web server process.' in /home/wwwroot/default/map-php/framework/web/CAssetManager.php:138
Stack trace:
#0 /home/wwwroot/default/map-php/framework/web/CAssetManager.php(123): CAssetManager->setBasePath('/home/wwwroot/d...')
#1 /home/wwwroot/default/map-php/framework/web/CAssetManager.php(217): CAssetManager->getBasePath()
#2 /home/wwwroot/default/map-php/framework/web/CClientScript.php(511): CAssetManager->publish('/home/wwwroot/d...')
#3 /home/wwwroot/default/map-php/framework/web/CClientScript.php(548): CClientScript->getCoreScriptUrl()
#4 /home/wwwroot/default/map-php/framework/web/CClientScript.php(349): CClientScript->getPackageBaseUrl('jquery')
#5 /home/wwwroot/default/map-php/framework/web/CClientScript.php(208): CClientScript->renderCoreScripts()
#6 /home/wwwroot/default/map-php/framework/web/CController.php(351): CClientScript->render('<!DOCTYPE html>...')
#7 /home/wwwroot/default/map-php/framework/web/CController.php(788): CController->processOutput('<!DOCTYPE html>...')
#8 /home/wwwroot/default/map-php/ddxqmap/protected/controllers/SiteController.php(98): CController->render('login', Array)
#9 /home/wwwroot/default/map-php/framework/web/actions/CInlineAction.php(49): SiteController->actionLogin()
#10 /home/wwwroot/default/map-php/framework/web/CController.php(308): CInlineAction->runWithParams(Array)
#11 /home/wwwroot/default/map-php/framework/web/CController.php(286): CController->runAction(Object(CInlineAction))
#12 /home/wwwroot/default/map-php/framework/web/CController.php(265): CController->runActionWithFilters(Object(CInlineAction), Array)
#13 /home/wwwroot/default/map-php/framework/web/CWebApplication.php(282): CController->run('login')
#14 /home/wwwroot/default/map-php/framework/web/CWebApplication.php(141): CWebApplication->runController('site/login')
#15 /home/wwwroot/default/map-php/framework/base/CApplication.php(184): CWebApplication->processRequest()
#16 /home/wwwroot/default/map-php/ddxqmap/index.php(13): CApplication->run()
#17 {main}
REQUEST_URI=/map-php/ddxqmap/index.php?r=site/login
HTTP_REFERER=http://10.192.10.155/map-php/ddxqmap/
---
2014/11/21 16:11:50 [error] [exception.CException] exception 'CException' with message 'CAssetManager.basePath "/home/wwwroot/default/map-php/ddxqmap/assets" is invalid. Please make sure the directory exists and is writable by the Web server process.' in /home/wwwroot/default/map-php/framework/web/CAssetManager.php:138
Stack trace:
#0 /home/wwwroot/default/map-php/framework/web/CAssetManager.php(123): CAssetManager->setBasePath('/home/wwwroot/d...')
#1 /home/wwwroot/default/map-php/framework/web/CAssetManager.php(217): CAssetManager->getBasePath()
#2 /home/wwwroot/default/map-php/framework/web/CClientScript.php(511): CAssetManager->publish('/home/wwwroot/d...')
#3 /home/wwwroot/default/map-php/framework/web/CClientScript.php(548): CClientScript->getCoreScriptUrl()
#4 /home/wwwroot/default/map-php/framework/web/CClientScript.php(349): CClientScript->getPackageBaseUrl('jquery')
#5 /home/wwwroot/default/map-php/framework/web/CClientScript.php(208): CClientScript->renderCoreScripts()
#6 /home/wwwroot/default/map-php/framework/web/CController.php(351): CClientScript->render('<!DOCTYPE html>...')
#7 /home/wwwroot/default/map-php/framework/web/CController.php(788): CController->processOutput('<!DOCTYPE html>...')
#8 /home/wwwroot/default/map-php/ddxqmap/protected/controllers/SiteController.php(98): CController->render('login', Array)
#9 /home/wwwroot/default/map-php/framework/web/actions/CInlineAction.php(49): SiteController->actionLogin()
#10 /home/wwwroot/default/map-php/framework/web/CController.php(308): CInlineAction->runWithParams(Array)
#11 /home/wwwroot/default/map-php/framework/web/CController.php(286): CController->runAction(Object(CInlineAction))
#12 /home/wwwroot/default/map-php/framework/web/CController.php(265): CController->runActionWithFilters(Object(CInlineAction), Array)
#13 /home/wwwroot/default/map-php/framework/web/CWebApplication.php(282): CController->run('login')
#14 /home/wwwroot/default/map-php/framework/web/CWebApplication.php(141): CWebApplication->runController('site/login')
#15 /home/wwwroot/default/map-php/framework/base/CApplication.php(184): CWebApplication->processRequest()
#16 /home/wwwroot/default/map-php/ddxqmap/index.php(13): CApplication->run()
#17 {main}
REQUEST_URI=/map-php/ddxqmap/index.php?r=site/login
HTTP_REFERER=http://10.192.10.155/map-php/ddxqmap/
---
2014/11/21 16:11:50 [error] [exception.CException] exception 'CException' with message 'CAssetManager.basePath "/home/wwwroot/default/map-php/ddxqmap/assets" is invalid. Please make sure the directory exists and is writable by the Web server process.' in /home/wwwroot/default/map-php/framework/web/CAssetManager.php:138
Stack trace:
#0 /home/wwwroot/default/map-php/framework/web/CAssetManager.php(123): CAssetManager->setBasePath('/home/wwwroot/d...')
#1 /home/wwwroot/default/map-php/framework/web/CAssetManager.php(217): CAssetManager->getBasePath()
#2 /home/wwwroot/default/map-php/framework/web/CClientScript.php(511): CAssetManager->publish('/home/wwwroot/d...')
#3 /home/wwwroot/default/map-php/framework/web/CClientScript.php(548): CClientScript->getCoreScriptUrl()
#4 /home/wwwroot/default/map-php/framework/web/CClientScript.php(349): CClientScript->getPackageBaseUrl('jquery')
#5 /home/wwwroot/default/map-php/framework/web/CClientScript.php(208): CClientScript->renderCoreScripts()
#6 /home/wwwroot/default/map-php/framework/web/CController.php(351): CClientScript->render('<!DOCTYPE html>...')
#7 /home/wwwroot/default/map-php/framework/web/CController.php(788): CController->processOutput('<!DOCTYPE html>...')
#8 /home/wwwroot/default/map-php/ddxqmap/protected/controllers/SiteController.php(98): CController->render('login', Array)
#9 /home/wwwroot/default/map-php/framework/web/actions/CInlineAction.php(49): SiteController->actionLogin()
#10 /home/wwwroot/default/map-php/framework/web/CController.php(308): CInlineAction->runWithParams(Array)
#11 /home/wwwroot/default/map-php/framework/web/CController.php(286): CController->runAction(Object(CInlineAction))
#12 /home/wwwroot/default/map-php/framework/web/CController.php(265): CController->runActionWithFilters(Object(CInlineAction), Array)
#13 /home/wwwroot/default/map-php/framework/web/CWebApplication.php(282): CController->run('login')
#14 /home/wwwroot/default/map-php/framework/web/CWebApplication.php(141): CWebApplication->runController('site/login')
#15 /home/wwwroot/default/map-php/framework/base/CApplication.php(184): CWebApplication->processRequest()
#16 /home/wwwroot/default/map-php/ddxqmap/index.php(13): CApplication->run()
#17 {main}
REQUEST_URI=/map-php/ddxqmap/index.php?r=site/login
HTTP_REFERER=http://10.192.10.155/map-php/ddxqmap/
---
2014/12/17 16:15:37 [error] [php] file_put_contents(/home/wwwroot/default/ddxqmap/protected/runtime/gii-1.1.16-dev/ModelCode.php): failed to open stream: Permission denied (/home/wwwroot/default/framework/gii/CCodeModel.php:388)
Stack trace:
#0 /home/wwwroot/default/framework/gii/CCodeGenerator.php(63): ModelGenerator->prepare()
#1 /home/wwwroot/default/framework/web/actions/CInlineAction.php(49): ModelGenerator->actionIndex()
#2 /home/wwwroot/default/framework/web/CController.php(308): CInlineAction->runWithParams()
#3 /home/wwwroot/default/framework/web/CController.php(286): ModelGenerator->runAction()
#4 /home/wwwroot/default/framework/web/CController.php(265): ModelGenerator->runActionWithFilters()
#5 /home/wwwroot/default/framework/web/CWebApplication.php(282): ModelGenerator->run()
#6 /home/wwwroot/default/framework/web/CWebApplication.php(141): CWebApplication->runController()
#7 /home/wwwroot/default/framework/base/CApplication.php(184): CWebApplication->processRequest()
#8 /home/wwwroot/default/ddxqmap/index.php(21): CWebApplication->run()
REQUEST_URI=/ddxqmap/index.php?r=gii/model/index
in /home/wwwroot/default/ddxqmap/index.php (21)
